Function: getTopK 10
Result: said mln dlr from it vs pct ct ha year 
Function: getPostings hard
Ordered by doc IDs: 9613 9641 9668 9775 9835 9879 9956 10335 10339 10432 10447 10451 10461 10485 10524 10549 10572 10966 11244 11245 11249 11335 11441 11443 11553 11590 11694 11834 11896 12121 12173 12200 12441 12501 12634 12784 12866 
Ordered by TF: 10572 12634 11443 10461 10432 9835 12866 12784 12501 12441 12200 12173 12121 11896 11834 11694 11590 11553 11441 11335 11249 11245 11244 10966 10549 10524 10485 10451 10447 10339 10335 9956 9879 9775 9668 9641 9613 
Function: getPostings hand
Ordered by doc IDs: 9625 9773 9846 9861 9933 10088 10255 10272 10475 10580 10777 10778 11002 11149 11154 11221 11299 11309 11442 11443 11807 12019 12173 12554 12841 
Ordered by TF: 12019 11221 10777 12841 12554 12173 11807 11443 11442 11309 11299 11154 11149 11002 10778 10580 10475 10272 10255 10088 9933 9861 9846 9773 9625 
Function: termAtATimeQueryAnd hard hand 
2 documents are found
925 comparisons are made
0 seconds are used
Result: 11443 12173 
Function: getPostings hard
Ordered by doc IDs: 9613 9641 9668 9775 9835 9879 9956 10335 10339 10432 10447 10451 10461 10485 10524 10549 10572 10966 11244 11245 11249 11335 11441 11443 11553 11590 11694 11834 11896 12121 12173 12200 12441 12501 12634 12784 12866 
Ordered by TF: 10572 12634 11443 10461 10432 9835 12866 12784 12501 12441 12200 12173 12121 11896 11834 11694 11590 11553 11441 11335 11249 11245 11244 10966 10549 10524 10485 10451 10447 10339 10335 9956 9879 9775 9668 9641 9613 
Function: getPostings hand
Ordered by doc IDs: 9625 9773 9846 9861 9933 10088 10255 10272 10475 10580 10777 10778 11002 11149 11154 11221 11299 11309 11442 11443 11807 12019 12173 12554 12841 
Ordered by TF: 12019 11221 10777 12841 12554 12173 11807 11443 11442 11309 11299 11154 11149 11002 10778 10580 10475 10272 10255 10088 9933 9861 9846 9773 9625 
Function: termAtATimeQueryOr hard hand 
60 documents are found
925 comparisons are made
0 seconds are used
Result: 9613 9625 9641 9668 9773 9775 9835 9846 9861 9879 9933 9956 10088 10255 10272 10335 10339 10432 10447 10451 10461 10475 10485 10524 10549 10572 10580 10777 10778 10966 11002 11149 11154 11221 11244 11245 11249 11299 11309 11335 11441 11442 11443 11553 11590 11694 11807 11834 11896 12019 12121 12173 12200 12441 12501 12554 12634 12784 12841 12866 
Function: getPostings move
Ordered by doc IDs: 9610 9613 9638 9661 9721 9757 9781 9809 9812 9855 9876 9890 9905 9914 9933 9947 9954 10003 10004 10007 10009 10019 10023 10056 10069 10073 10083 10085 10088 10096 10111 10127 10180 10389 10400 10410 10444 10447 10457 10480 10491 10500 10559 10560 10633 10634 10640 10687 10721 10778 10785 10797 10848 10886 10919 10960 11012 11034 11037 11039 11041 11045 11062 11073 11100 11112 11114 11125 11135 11144 11157 11164 11180 11183 11190 11191 11234 11239 11240 11245 11259 11262 11266 11268 11274 11286 11289 11293 11296 11299 11315 11316 11322 11335 11339 11347 11355 11357 11365 11376 11393 11398 11442 11444 11451 11454 11481 11522 11534 11553 11575 11581 11597 11601 11633 11692 11696 11710 11740 11749 11752 11755 11800 11828 11834 11836 11837 11841 11854 11855 11859 11874 11893 11894 11915 11954 11961 11978 11992 11996 12009 12037 12047 12052 12054 12076 12086 12091 12101 12109 12118 12186 12211 12220 12239 12249 12335 12383 12466 12490 12502 12523 12531 12554 12641 12642 12654 12725 12730 12735 12757 12861 12890 12898 12899 
Ordered by TF: 11978 9613 11442 11335 11296 11293 11268 11125 11045 11037 10960 10480 12861 12735 12654 12220 12086 12076 12054 12047 11961 11915 11874 11859 11837 11696 11692 11365 11239 11183 11164 11114 11073 11062 10633 10560 10559 10500 10444 10410 10400 10073 10003 9610 12899 12898 12890 12757 12730 12725 12642 12641 12554 12531 12523 12502 12490 12466 12383 12335 12249 12239 12211 12186 12118 12109 12101 12091 12052 12037 12009 11996 11992 11954 11894 11893 11855 11854 11841 11836 11834 11828 11800 11755 11752 11749 11740 11710 11633 11601 11597 11581 11575 11553 11534 11522 11481 11454 11451 11444 11398 11393 11376 11357 11355 11347 11339 11322 11316 11315 11299 11289 11286 11274 11266 11262 11259 11245 11240 11234 11191 11190 11180 11157 11144 11135 11112 11100 11041 11039 11034 11012 10919 10886 10848 10797 10785 10778 10721 10687 10640 10634 10491 10457 10447 10389 10180 10127 10111 10096 10088 10085 10083 10069 10056 10023 10019 10009 10007 10004 9954 9947 9933 9914 9905 9890 9876 9855 9812 9809 9781 9757 9721 9661 9638 
Function: getPostings lower
Ordered by doc IDs: 9605 9606 9627 9634 9639 9742 9771 9841 9866 9882 9905 9915 9929 9933 9936 9941 9952 9954 9959 10003 10004 10009 10011 10014 10019 10025 10061 10088 10114 10135 10147 10148 10163 10174 10222 10223 10231 10337 10399 10402 10434 10443 10455 10462 10481 10491 10493 10497 10502 10503 10506 10513 10518 10524 10569 10571 10572 10580 10604 10630 10657 10687 10727 10733 10739 10741 10742 10777 10785 10786 10797 10814 10850 10861 10865 10872 10884 10891 10895 10913 10960 10966 10969 10986 11007 11012 11024 11030 11034 11036 11050 11068 11069 11100 11114 11144 11154 11180 11190 11196 11220 11229 11243 11244 11251 11263 11265 11266 11286 11335 11349 11402 11418 11442 11443 11447 11450 11463 11490 11495 11496 11522 11537 11541 11574 11593 11613 11661 11670 11674 11676 11680 11682 11687 11690 11692 11707 11710 11718 11724 11742 11743 11760 11800 11831 11880 11898 11918 11944 12005 12028 12052 12066 12101 12118 12211 12253 12387 12442 12584 12637 12642 12657 12663 12730 12854 12860 12865 12878 12883 12884 12891 12898 
Ordered by TF: 11114 10011 12883 11522 10088 12854 12005 11918 11800 11743 11710 11692 11687 11680 11674 11541 11537 11442 11418 11335 11180 10986 10969 10872 10572 10524 10518 10222 10014 9933 9606 12898 12891 12884 12878 12865 12860 12730 12663 12657 12642 12637 12584 12442 12387 12253 12211 12118 12101 12066 12052 12028 11944 11898 11880 11831 11760 11742 11724 11718 11707 11690 11682 11676 11670 11661 11613 11593 11574 11496 11495 11490 11463 11450 11447 11443 11402 11349 11286 11266 11265 11263 11251 11244 11243 11229 11220 11196 11190 11154 11144 11100 11069 11068 11050 11036 11034 11030 11024 11012 11007 10966 10960 10913 10895 10891 10884 10865 10861 10850 10814 10797 10786 10785 10777 10742 10741 10739 10733 10727 10687 10657 10630 10604 10580 10571 10569 10513 10506 10503 10502 10497 10493 10491 10481 10462 10455 10443 10434 10402 10399 10337 10231 10223 10174 10163 10148 10147 10135 10114 10061 10025 10019 10009 10004 10003 9959 9954 9952 9941 9936 9929 9915 9905 9882 9866 9841 9771 9742 9639 9634 9627 9605 
Function: getPostings expect
Ordered by doc IDs: 9605 9606 9607 9612 9613 9622 9623 9629 9633 9634 9644 9646 9647 9656 9657 9660 9666 9668 9669 9676 9678 9682 9686 9692 9698 9701 9703 9706 9721 9738 9746 9747 9757 9773 9793 9800 9818 9819 9841 9855 9866 9876 9879 9882 9891 9892 9907 9915 9921 9928 9933 9940 9941 9945 9946 9954 9975 9989 10000 10003 10004 10009 10011 10014 10017 10019 10022 10027 10035 10053 10056 10061 10077 10085 10102 10105 10115 10119 10125 10129 10131 10135 10151 10163 10180 10188 10198 10207 10222 10223 10249 10275 10337 10366 10372 10403 10410 10424 10429 10432 10444 10447 10449 10451 10454 10462 10467 10485 10487 10489 10496 10499 10521 10525 10541 10545 10549 10557 10561 10565 10569 10576 10599 10618 10620 10633 10635 10640 10642 10651 10652 10679 10691 10694 10706 10720 10727 10729 10742 10743 10755 10756 10768 10772 10773 10777 10791 10817 10821 10845 10865 10876 10879 10884 10895 10899 10906 10910 10914 10915 10921 10935 10944 10946 10961 10963 10966 10976 10986 11012 11021 11030 11036 11037 11039 11048 11049 11050 11051 11054 11056 11065 11066 11068 11074 11076 11078 11097 11098 11101 11103 11104 11105 11112 11114 11116 11145 11149 11161 11164 11172 11180 11182 11190 11195 11205 11210 11214 11234 11244 11249 11250 11255 11256 11270 11277 11281 11286 11289 11293 11296 11298 11301 11302 11304 11311 11316 11320 11322 11323 11328 11331 11335 11336 11337 11343 11348 11354 11357 11364 11369 11372 11398 11402 11407 11409 11423 11432 11436 11438 11449 11471 11475 11481 11513 11518 11521 11522 11531 11535 11541 11548 11590 11593 11618 11621 11627 11638 11646 11649 11651 11653 11657 11670 11672 11675 11678 11679 11680 11682 11687 11692 11696 11697 11698 11710 11719 11720 11724 11730 11731 11732 11736 11752 11762 11781 11788 11827 11837 11839 11841 11855 11869 11880 11883 11889 11890 11893 11896 11898 11908 11910 11918 11922 11960 11966 11977 11978 11981 11983 12000 12005 12031 12049 12052 12058 12062 12066 12068 12069 12071 12073 12076 12081 12090 12102 12108 12111 12112 12129 12194 12195 12211 12214 12215 12220 12249 12290 12306 12316 12319 12323 12329 12449 12487 12595 12602 12608 12620 12634 12637 12641 12683 12713 12725 12742 12757 12759 12770 12771 12782 12799 12805 12817 12832 12854 12863 12864 12869 12874 12876 12883 12889 12890 12894 12896 
Ordered by TF: 11788 11593 11354 10003 10222 11889 11687 11680 11311 11289 11255 11101 10756 10188 10085 10019 9721 9647 12876 12874 11898 11678 11627 11337 11234 11210 11114 10961 10895 10729 10691 10432 10061 10004 9915 9757 9698 12805 12725 12683 12641 12306 12214 12069 11978 11918 11908 11841 11839 11731 11692 11682 11649 11548 11541 11364 11335 11302 11296 11286 11281 11182 11180 11105 11074 11050 11048 11021 11012 10976 10865 10817 10791 10773 10772 10743 10720 10640 10565 10557 10521 10496 10429 10410 10275 10223 10129 10035 10014 9975 9945 9882 9879 9876 9855 9819 9818 9747 9746 9676 9668 9613 12896 12894 12890 12889 12883 12869 12864 12863 12854 12832 12817 12799 12782 12771 12770 12759 12757 12742 12713 12637 12634 12620 12608 12602 12595 12487 12449 12329 12323 12319 12316 12290 12249 12220 12215 12211 12195 12194 12129 12112 12111 12108 12102 12090 12081 12076 12073 12071 12068 12066 12062 12058 12052 12049 12031 12005 12000 11983 11981 11977 11966 11960 11922 11910 11896 11893 11890 11883 11880 11869 11855 11837 11827 11781 11762 11752 11736 11732 11730 11724 11720 11719 11710 11698 11697 11696 11679 11675 11672 11670 11657 11653 11651 11646 11638 11621 11618 11590 11535 11531 11522 11521 11518 11513 11481 11475 11471 11449 11438 11436 11432 11423 11409 11407 11402 11398 11372 11369 11357 11348 11343 11336 11331 11328 11323 11322 11320 11316 11304 11301 11298 11293 11277 11270 11256 11250 11249 11244 11214 11205 11195 11190 11172 11164 11161 11149 11145 11116 11112 11104 11103 11098 11097 11078 11076 11068 11066 11065 11056 11054 11051 11049 11039 11037 11036 11030 10986 10966 10963 10946 10944 10935 10921 10915 10914 10910 10906 10899 10884 10879 10876 10845 10821 10777 10768 10755 10742 10727 10706 10694 10679 10652 10651 10642 10635 10633 10620 10618 10599 10576 10569 10561 10549 10545 10541 10525 10499 10489 10487 10485 10467 10462 10454 10451 10449 10447 10444 10424 10403 10372 10366 10337 10249 10207 10198 10180 10163 10151 10135 10131 10125 10119 10115 10105 10102 10077 10056 10053 10027 10022 10017 10011 10009 10000 9989 9954 9946 9941 9940 9933 9928 9921 9907 9892 9891 9866 9841 9800 9793 9773 9738 9706 9703 9701 9692 9686 9682 9678 9669 9666 9660 9657 9656 9646 9644 9634 9633 9629 9623 9622 9612 9607 9606 9605 
Function: termAtATimeQueryAnd move lower expect 
17 documents are found
43785 comparisons are made
0 seconds are used
Result: 9933 9954 10003 10004 10009 10019 11012 11114 11180 11190 11286 11335 11522 11692 11710 12052 12211 
Function: getPostings move
Ordered by doc IDs: 9610 9613 9638 9661 9721 9757 9781 9809 9812 9855 9876 9890 9905 9914 9933 9947 9954 10003 10004 10007 10009 10019 10023 10056 10069 10073 10083 10085 10088 10096 10111 10127 10180 10389 10400 10410 10444 10447 10457 10480 10491 10500 10559 10560 10633 10634 10640 10687 10721 10778 10785 10797 10848 10886 10919 10960 11012 11034 11037 11039 11041 11045 11062 11073 11100 11112 11114 11125 11135 11144 11157 11164 11180 11183 11190 11191 11234 11239 11240 11245 11259 11262 11266 11268 11274 11286 11289 11293 11296 11299 11315 11316 11322 11335 11339 11347 11355 11357 11365 11376 11393 11398 11442 11444 11451 11454 11481 11522 11534 11553 11575 11581 11597 11601 11633 11692 11696 11710 11740 11749 11752 11755 11800 11828 11834 11836 11837 11841 11854 11855 11859 11874 11893 11894 11915 11954 11961 11978 11992 11996 12009 12037 12047 12052 12054 12076 12086 12091 12101 12109 12118 12186 12211 12220 12239 12249 12335 12383 12466 12490 12502 12523 12531 12554 12641 12642 12654 12725 12730 12735 12757 12861 12890 12898 12899 
Ordered by TF: 11978 9613 11442 11335 11296 11293 11268 11125 11045 11037 10960 10480 12861 12735 12654 12220 12086 12076 12054 12047 11961 11915 11874 11859 11837 11696 11692 11365 11239 11183 11164 11114 11073 11062 10633 10560 10559 10500 10444 10410 10400 10073 10003 9610 12899 12898 12890 12757 12730 12725 12642 12641 12554 12531 12523 12502 12490 12466 12383 12335 12249 12239 12211 12186 12118 12109 12101 12091 12052 12037 12009 11996 11992 11954 11894 11893 11855 11854 11841 11836 11834 11828 11800 11755 11752 11749 11740 11710 11633 11601 11597 11581 11575 11553 11534 11522 11481 11454 11451 11444 11398 11393 11376 11357 11355 11347 11339 11322 11316 11315 11299 11289 11286 11274 11266 11262 11259 11245 11240 11234 11191 11190 11180 11157 11144 11135 11112 11100 11041 11039 11034 11012 10919 10886 10848 10797 10785 10778 10721 10687 10640 10634 10491 10457 10447 10389 10180 10127 10111 10096 10088 10085 10083 10069 10056 10023 10019 10009 10007 10004 9954 9947 9933 9914 9905 9890 9876 9855 9812 9809 9781 9757 9721 9661 9638 
Function: getPostings lower
Ordered by doc IDs: 9605 9606 9627 9634 9639 9742 9771 9841 9866 9882 9905 9915 9929 9933 9936 9941 9952 9954 9959 10003 10004 10009 10011 10014 10019 10025 10061 10088 10114 10135 10147 10148 10163 10174 10222 10223 10231 10337 10399 10402 10434 10443 10455 10462 10481 10491 10493 10497 10502 10503 10506 10513 10518 10524 10569 10571 10572 10580 10604 10630 10657 10687 10727 10733 10739 10741 10742 10777 10785 10786 10797 10814 10850 10861 10865 10872 10884 10891 10895 10913 10960 10966 10969 10986 11007 11012 11024 11030 11034 11036 11050 11068 11069 11100 11114 11144 11154 11180 11190 11196 11220 11229 11243 11244 11251 11263 11265 11266 11286 11335 11349 11402 11418 11442 11443 11447 11450 11463 11490 11495 11496 11522 11537 11541 11574 11593 11613 11661 11670 11674 11676 11680 11682 11687 11690 11692 11707 11710 11718 11724 11742 11743 11760 11800 11831 11880 11898 11918 11944 12005 12028 12052 12066 12101 12118 12211 12253 12387 12442 12584 12637 12642 12657 12663 12730 12854 12860 12865 12878 12883 12884 12891 12898 
Ordered by TF: 11114 10011 12883 11522 10088 12854 12005 11918 11800 11743 11710 11692 11687 11680 11674 11541 11537 11442 11418 11335 11180 10986 10969 10872 10572 10524 10518 10222 10014 9933 9606 12898 12891 12884 12878 12865 12860 12730 12663 12657 12642 12637 12584 12442 12387 12253 12211 12118 12101 12066 12052 12028 11944 11898 11880 11831 11760 11742 11724 11718 11707 11690 11682 11676 11670 11661 11613 11593 11574 11496 11495 11490 11463 11450 11447 11443 11402 11349 11286 11266 11265 11263 11251 11244 11243 11229 11220 11196 11190 11154 11144 11100 11069 11068 11050 11036 11034 11030 11024 11012 11007 10966 10960 10913 10895 10891 10884 10865 10861 10850 10814 10797 10786 10785 10777 10742 10741 10739 10733 10727 10687 10657 10630 10604 10580 10571 10569 10513 10506 10503 10502 10497 10493 10491 10481 10462 10455 10443 10434 10402 10399 10337 10231 10223 10174 10163 10148 10147 10135 10114 10061 10025 10019 10009 10004 10003 9959 9954 9952 9941 9936 9929 9915 9905 9882 9866 9841 9771 9742 9639 9634 9627 9605 
Function: getPostings expect
Ordered by doc IDs: 9605 9606 9607 9612 9613 9622 9623 9629 9633 9634 9644 9646 9647 9656 9657 9660 9666 9668 9669 9676 9678 9682 9686 9692 9698 9701 9703 9706 9721 9738 9746 9747 9757 9773 9793 9800 9818 9819 9841 9855 9866 9876 9879 9882 9891 9892 9907 9915 9921 9928 9933 9940 9941 9945 9946 9954 9975 9989 10000 10003 10004 10009 10011 10014 10017 10019 10022 10027 10035 10053 10056 10061 10077 10085 10102 10105 10115 10119 10125 10129 10131 10135 10151 10163 10180 10188 10198 10207 10222 10223 10249 10275 10337 10366 10372 10403 10410 10424 10429 10432 10444 10447 10449 10451 10454 10462 10467 10485 10487 10489 10496 10499 10521 10525 10541 10545 10549 10557 10561 10565 10569 10576 10599 10618 10620 10633 10635 10640 10642 10651 10652 10679 10691 10694 10706 10720 10727 10729 10742 10743 10755 10756 10768 10772 10773 10777 10791 10817 10821 10845 10865 10876 10879 10884 10895 10899 10906 10910 10914 10915 10921 10935 10944 10946 10961 10963 10966 10976 10986 11012 11021 11030 11036 11037 11039 11048 11049 11050 11051 11054 11056 11065 11066 11068 11074 11076 11078 11097 11098 11101 11103 11104 11105 11112 11114 11116 11145 11149 11161 11164 11172 11180 11182 11190 11195 11205 11210 11214 11234 11244 11249 11250 11255 11256 11270 11277 11281 11286 11289 11293 11296 11298 11301 11302 11304 11311 11316 11320 11322 11323 11328 11331 11335 11336 11337 11343 11348 11354 11357 11364 11369 11372 11398 11402 11407 11409 11423 11432 11436 11438 11449 11471 11475 11481 11513 11518 11521 11522 11531 11535 11541 11548 11590 11593 11618 11621 11627 11638 11646 11649 11651 11653 11657 11670 11672 11675 11678 11679 11680 11682 11687 11692 11696 11697 11698 11710 11719 11720 11724 11730 11731 11732 11736 11752 11762 11781 11788 11827 11837 11839 11841 11855 11869 11880 11883 11889 11890 11893 11896 11898 11908 11910 11918 11922 11960 11966 11977 11978 11981 11983 12000 12005 12031 12049 12052 12058 12062 12066 12068 12069 12071 12073 12076 12081 12090 12102 12108 12111 12112 12129 12194 12195 12211 12214 12215 12220 12249 12290 12306 12316 12319 12323 12329 12449 12487 12595 12602 12608 12620 12634 12637 12641 12683 12713 12725 12742 12757 12759 12770 12771 12782 12799 12805 12817 12832 12854 12863 12864 12869 12874 12876 12883 12889 12890 12894 12896 
Ordered by TF: 11788 11593 11354 10003 10222 11889 11687 11680 11311 11289 11255 11101 10756 10188 10085 10019 9721 9647 12876 12874 11898 11678 11627 11337 11234 11210 11114 10961 10895 10729 10691 10432 10061 10004 9915 9757 9698 12805 12725 12683 12641 12306 12214 12069 11978 11918 11908 11841 11839 11731 11692 11682 11649 11548 11541 11364 11335 11302 11296 11286 11281 11182 11180 11105 11074 11050 11048 11021 11012 10976 10865 10817 10791 10773 10772 10743 10720 10640 10565 10557 10521 10496 10429 10410 10275 10223 10129 10035 10014 9975 9945 9882 9879 9876 9855 9819 9818 9747 9746 9676 9668 9613 12896 12894 12890 12889 12883 12869 12864 12863 12854 12832 12817 12799 12782 12771 12770 12759 12757 12742 12713 12637 12634 12620 12608 12602 12595 12487 12449 12329 12323 12319 12316 12290 12249 12220 12215 12211 12195 12194 12129 12112 12111 12108 12102 12090 12081 12076 12073 12071 12068 12066 12062 12058 12052 12049 12031 12005 12000 11983 11981 11977 11966 11960 11922 11910 11896 11893 11890 11883 11880 11869 11855 11837 11827 11781 11762 11752 11736 11732 11730 11724 11720 11719 11710 11698 11697 11696 11679 11675 11672 11670 11657 11653 11651 11646 11638 11621 11618 11590 11535 11531 11522 11521 11518 11513 11481 11475 11471 11449 11438 11436 11432 11423 11409 11407 11402 11398 11372 11369 11357 11348 11343 11336 11331 11328 11323 11322 11320 11316 11304 11301 11298 11293 11277 11270 11256 11250 11249 11244 11214 11205 11195 11190 11172 11164 11161 11149 11145 11116 11112 11104 11103 11098 11097 11078 11076 11068 11066 11065 11056 11054 11051 11049 11039 11037 11036 11030 10986 10966 10963 10946 10944 10935 10921 10915 10914 10910 10906 10899 10884 10879 10876 10845 10821 10777 10768 10755 10742 10727 10706 10694 10679 10652 10651 10642 10635 10633 10620 10618 10599 10576 10569 10561 10549 10545 10541 10525 10499 10489 10487 10485 10467 10462 10454 10451 10449 10447 10444 10424 10403 10372 10366 10337 10249 10207 10198 10180 10163 10151 10135 10131 10125 10119 10115 10105 10102 10077 10056 10053 10027 10022 10017 10011 10009 10000 9989 9954 9946 9941 9940 9933 9928 9921 9907 9892 9891 9866 9841 9800 9793 9773 9738 9706 9703 9701 9692 9686 9682 9678 9669 9666 9660 9657 9656 9646 9644 9634 9633 9629 9623 9622 9612 9607 9606 9605 
Function: termAtATimeQueryOr move lower expect 
595 documents are found
151093 comparisons are made
0 seconds are used
Result: 9605 9606 9607 9610 9612 9613 9622 9623 9627 9629 9633 9634 9638 9639 9644 9646 9647 9656 9657 9660 9661 9666 9668 9669 9676 9678 9682 9686 9692 9698 9701 9703 9706 9721 9738 9742 9746 9747 9757 9771 9773 9781 9793 9800 9809 9812 9818 9819 9841 9855 9866 9876 9879 9882 9890 9891 9892 9905 9907 9914 9915 9921 9928 9929 9933 9936 9940 9941 9945 9946 9947 9952 9954 9959 9975 9989 10000 10003 10004 10007 10009 10011 10014 10017 10019 10022 10023 10025 10027 10035 10053 10056 10061 10069 10073 10077 10083 10085 10088 10096 10102 10105 10111 10114 10115 10119 10125 10127 10129 10131 10135 10147 10148 10151 10163 10174 10180 10188 10198 10207 10222 10223 10231 10249 10275 10337 10366 10372 10389 10399 10400 10402 10403 10410 10424 10429 10432 10434 10443 10444 10447 10449 10451 10454 10455 10457 10462 10467 10480 10481 10485 10487 10489 10491 10493 10496 10497 10499 10500 10502 10503 10506 10513 10518 10521 10524 10525 10541 10545 10549 10557 10559 10560 10561 10565 10569 10571 10572 10576 10580 10599 10604 10618 10620 10630 10633 10634 10635 10640 10642 10651 10652 10657 10679 10687 10691 10694 10706 10720 10721 10727 10729 10733 10739 10741 10742 10743 10755 10756 10768 10772 10773 10777 10778 10785 10786 10791 10797 10814 10817 10821 10845 10848 10850 10861 10865 10872 10876 10879 10884 10886 10891 10895 10899 10906 10910 10913 10914 10915 10919 10921 10935 10944 10946 10960 10961 10963 10966 10969 10976 10986 11007 11012 11021 11024 11030 11034 11036 11037 11039 11041 11045 11048 11049 11050 11051 11054 11056 11062 11065 11066 11068 11069 11073 11074 11076 11078 11097 11098 11100 11101 11103 11104 11105 11112 11114 11116 11125 11135 11144 11145 11149 11154 11157 11161 11164 11172 11180 11182 11183 11190 11191 11195 11196 11205 11210 11214 11220 11229 11234 11239 11240 11243 11244 11245 11249 11250 11251 11255 11256 11259 11262 11263 11265 11266 11268 11270 11274 11277 11281 11286 11289 11293 11296 11298 11299 11301 11302 11304 11311 11315 11316 11320 11322 11323 11328 11331 11335 11336 11337 11339 11343 11347 11348 11349 11354 11355 11357 11364 11365 11369 11372 11376 11393 11398 11402 11407 11409 11418 11423 11432 11436 11438 11442 11443 11444 11447 11449 11450 11451 11454 11463 11471 11475 11481 11490 11495 11496 11513 11518 11521 11522 11531 11534 11535 11537 11541 11548 11553 11574 11575 11581 11590 11593 11597 11601 11613 11618 11621 11627 11633 11638 11646 11649 11651 11653 11657 11661 11670 11672 11674 11675 11676 11678 11679 11680 11682 11687 11690 11692 11696 11697 11698 11707 11710 11718 11719 11720 11724 11730 11731 11732 11736 11740 11742 11743 11749 11752 11755 11760 11762 11781 11788 11800 11827 11828 11831 11834 11836 11837 11839 11841 11854 11855 11859 11869 11874 11880 11883 11889 11890 11893 11894 11896 11898 11908 11910 11915 11918 11922 11944 11954 11960 11961 11966 11977 11978 11981 11983 11992 11996 12000 12005 12009 12028 12031 12037 12047 12049 12052 12054 12058 12062 12066 12068 12069 12071 12073 12076 12081 12086 12090 12091 12101 12102 12108 12109 12111 12112 12118 12129 12186 12194 12195 12211 12214 12215 12220 12239 12249 12253 12290 12306 12316 12319 12323 12329 12335 12383 12387 12442 12449 12466 12487 12490 12502 12523 12531 12554 12584 12595 12602 12608 12620 12634 12637 12641 12642 12654 12657 12663 12683 12713 12725 12730 12735 12742 12757 12759 12770 12771 12782 12799 12805 12817 12832 12854 12860 12861 12863 12864 12865 12869 12874 12876 12878 12883 12884 12889 12890 12891 12894 12896 12898 12899 
Function: getPostings halved
Ordered by doc IDs: 11164 
Ordered by TF: 11164 
Function: getPostings hammer
Ordered by doc IDs: 11889 12735 
Ordered by TF: 12735 11889 
Function: termAtATimeQueryAnd halved hammer 
0 documents are found
2 comparisons are made
0 seconds are used
Result: 
Function: getPostings halved
Ordered by doc IDs: 11164 
Ordered by TF: 11164 
Function: getPostings hammer
Ordered by doc IDs: 11889 12735 
Ordered by TF: 12735 11889 
Function: termAtATimeQueryOr halved hammer 
3 documents are found
2 comparisons are made
0 seconds are used
Result: 11164 11889 12735 
Function: getPostings AEGN.AS
Ordered by doc IDs: 9994 10011 11387 
Ordered by TF: 11387 10011 9994 
Function: getPostings AEGON
Ordered by doc IDs: 9994 10011 
Ordered by TF: 10011 9994 
Function: termAtATimeQueryAnd AEGN.AS AEGON 
2 documents are found
6 comparisons are made
0 seconds are used
Result: 9994 10011 
Function: getPostings AEGN.AS
Ordered by doc IDs: 9994 10011 11387 
Ordered by TF: 11387 10011 9994 
Function: getPostings AEGON
Ordered by doc IDs: 9994 10011 
Ordered by TF: 10011 9994 
Function: termAtATimeQueryOr AEGN.AS AEGON 
3 documents are found
6 comparisons are made
0 seconds are used
Result: 9994 10011 11387 
